Mpango/build/intermediates/manifest_merge_blame_file/release/manifest-merger-blame-release-report.txt
1<?xml version="1.0" encoding="utf-8"?>
2<manifest xmlns:android="http://schemas.android.com/apk/res/android"
3    xmlns:dist="http://schemas.android.com/apk/distribution"
4    package="com.jackson_siro.mpango"
5    android:installLocation="preferExternal"
6    android:versionCode="1"
7    android:versionName="1.0" >
8
9    <uses-sdk
10        android:minSdkVersion="15"
10-->src\main\AndroidManifest.xml
11        android:targetSdkVersion="29" />
11-->src\main\AndroidManifest.xml
12
13    <dist:module dist:instant="true" />
13-->src\main\AndroidManifest.xml:7:5-40
13-->src\main\AndroidManifest.xml:7:18-37
14
15    <application
15-->src\main\AndroidManifest.xml:9:5-33:19
16        android:allowBackup="true"
16-->src\main\AndroidManifest.xml:10:9-35
17        android:appComponentFactory="androidx.core.app.CoreComponentFactory"
17-->[androidx.core:core:1.1.0] AndroidManifest.xml:24:18-86
18        android:icon="@mipmap/ic_launcher"
18-->src\main\AndroidManifest.xml:11:9-43
19        android:label="@string/app_name"
19-->src\main\AndroidManifest.xml:12:9-41
20        android:roundIcon="@mipmap/ic_launcher_round"
20-->src\main\AndroidManifest.xml:13:9-54
21        android:supportsRtl="true"
21-->src\main\AndroidManifest.xml:14:9-35
22        android:theme="@style/AppTheme" >
22-->src\main\AndroidManifest.xml:15:9-40
23        <activity android:name="com.jackson_siro.mpango.DdTorus" />
23-->src\main\AndroidManifest.xml:16:9-54
23-->src\main\AndroidManifest.xml:16:19-42
24        <activity android:name="com.jackson_siro.mpango.EeScores" />
24-->src\main\AndroidManifest.xml:17:9-46
24-->src\main\AndroidManifest.xml:17:19-43
25        <activity android:name="com.jackson_siro.mpango.FfHelp" />
25-->src\main\AndroidManifest.xml:18:9-44
25-->src\main\AndroidManifest.xml:18:19-41
26        <activity android:name="com.jackson_siro.mpango.GgSettings" />
26-->src\main\AndroidManifest.xml:19:9-48
26-->src\main\AndroidManifest.xml:19:19-45
27        <activity android:name="com.jackson_siro.mpango.CcStart" />
27-->src\main\AndroidManifest.xml:20:9-45
27-->src\main\AndroidManifest.xml:20:19-42
28        <activity android:name="com.jackson_siro.mpango.BbWelcome" />
28-->src\main\AndroidManifest.xml:21:9-47
28-->src\main\AndroidManifest.xml:21:19-44
29        <activity
29-->src\main\AndroidManifest.xml:22:9-32:20
30            android:name="com.jackson_siro.mpango.AppStart"
30-->src\main\AndroidManifest.xml:23:13-37
31            android:configChanges="keyboardHidden|orientation"
31-->src\main\AndroidManifest.xml:24:13-63
32            android:noHistory="true"
32-->src\main\AndroidManifest.xml:25:13-37
33            android:screenOrientation="portrait" >
33-->src\main\AndroidManifest.xml:26:13-49
34            <intent-filter>
34-->src\main\AndroidManifest.xml:27:13-31:29
35                <action android:name="android.intent.action.MAIN" />
35-->src\main\AndroidManifest.xml:28:17-69
35-->src\main\AndroidManifest.xml:28:25-66
36
37                <category android:name="android.intent.category.LAUNCHER" />
37-->src\main\AndroidManifest.xml:30:17-77
37-->src\main\AndroidManifest.xml:30:27-74
38            </intent-filter>
39        </activity>
40    </application>
41
42</manifest>